===== DEPLOY START Thu Mar 26 03:43:44 UTC 2026 =====
From aini:Nurainii-ok/GameForSmartLandingPage
 * branch            main       -> FETCH_HEAD
   8312bed..9976718  main       -> origin/main
HEAD is now at 9976718 feat: show newsletter CTA only on home page
npm warn config init.module Use `--init-module` instead.

up to date in 658ms

150 packages are looking for funding
  run `npm fund` for details
npm warn config init.module Use `--init-module` instead.

> web@1.0.0 build
> next build

⚠ Found lockfile missing swc dependencies, patching...
npm warn config init.module Use `--init-module` instead.
▲ Next.js 16.1.6 (Turbopack)

  Creating an optimized production build ...
⚠ Found lockfile missing swc dependencies, patching...
npm warn config init.module Use `--init-module` instead.
⚠ Lockfile was successfully patched, please run "npm install" to ensure @next/swc dependencies are downloaded
⚠ Lockfile was successfully patched, please run "npm install" to ensure @next/swc dependencies are downloaded
✓ Compiled successfully in 4.2s
  Running TypeScript ...
  Collecting page data using 3 workers ...
  Generating static pages using 3 workers (0/13) ...
  Generating static pages using 3 workers (3/13) 
  Generating static pages using 3 workers (6/13) 
  Generating static pages using 3 workers (9/13) 
✓ Generating static pages using 3 workers (13/13) in 307.1ms
  Finalizing page optimization ...

Route (app)
┌ ○ /
├ ○ /_not-found
├ ○ /about
├ ○ /chat
├ ○ /competitions
├ ƒ /competitions/[slug]
├ ƒ /competitions/[slug]/register
├ ○ /contact
├ ○ /faq
├ ○ /games
├ ƒ /games/[slug]
├ ○ /home
├ ○ /profile
├ ○ /teams
├ ○ /terms-condition
└ ƒ /tournaments/[...slug]


○  (Static)   prerendered as static content
ƒ  (Dynamic)  server-rendered on demand

===== DEPLOY FINISHED =====
npm warn config init.module Use `--init-module` instead.

> web@1.0.0 start
> next start -p 3007

▲ Next.js 16.1.6
- Local:         http://localhost:3007
- Network:       http://192.168.1.157:3007

✓ Starting...
✓ Ready in 132ms
